{"/Users/dane/Desktop/github/findmypet/app.js": {"path":"/Users/dane/Desktop/github/findmypet/app.js","statementMap":{"0":{"start":{"line":4,"column":12},"end":{"line":4,"column":21}},"1":{"start":{"line":8,"column":0},"end":{"line":8,"column":24}},"2":{"start":{"line":9,"column":0},"end":{"line":9,"column":48}},"3":{"start":{"line":10,"column":0},"end":{"line":15,"column":2}},"4":{"start":{"line":16,"column":0},"end":{"line":16,"column":18}},"5":{"start":{"line":18,"column":0},"end":{"line":18,"column":21}},"6":{"start":{"line":20,"column":0},"end":{"line":22,"column":3}},"7":{"start":{"line":21,"column":2},"end":{"line":21,"column":31}}},"fnMap":{"0":{"name":"(anonymous_0)","decl":{"start":{"line":20,"column":13},"end":{"line":20,"column":14}},"loc":{"start":{"line":20,"column":27},"end":{"line":22,"column":1}},"line":20}},"branchMap":{},"s":{"0":1,"1":1,"2":1,"3":1,"4":1,"5":1,"6":1,"7":0},"f":{"0":0},"b":{},"_coverageSchema":"43e27e138ebf9cfc5966b082cf9a028302ed4184","hash":"8a299505c9f60cd5d54598abbb310af027af747d"}
,"/Users/dane/Desktop/github/findmypet/controllers/auth.controller.js": {"path":"/Users/dane/Desktop/github/findmypet/controllers/auth.controller.js","statementMap":{"0":{"start":{"line":7,"column":14},"end":{"line":39,"column":1}},"1":{"start":{"line":8,"column":2},"end":{"line":38,"column":3}},"2":{"start":{"line":9,"column":35},"end":{"line":9,"column":43}},"3":{"start":{"line":10,"column":4},"end":{"line":14,"column":5}},"4":{"start":{"line":11,"column":6},"end":{"line":13,"column":9}},"5":{"start":{"line":15,"column":17},"end":{"line":15,"column":49}},"6":{"start":{"line":16,"column":4},"end":{"line":20,"column":5}},"7":{"start":{"line":17,"column":6},"end":{"line":19,"column":9}},"8":{"start":{"line":21,"column":26},"end":{"line":21,"column":69}},"9":{"start":{"line":22,"column":4},"end":{"line":26,"column":5}},"10":{"start":{"line":23,"column":6},"end":{"line":25,"column":9}},"11":{"start":{"line":27,"column":23},"end":{"line":27,"column":63}},"12":{"start":{"line":28,"column":18},"end":{"line":34,"column":5}},"13":{"start":{"line":35,"column":4},"end":{"line":35,"column":43}},"14":{"start":{"line":37,"column":4},"end":{"line":37,"column":35}},"15":{"start":{"line":41,"column":17},"end":{"line":73,"column":1}},"16":{"start":{"line":42,"column":2},"end":{"line":72,"column":3}},"17":{"start":{"line":43,"column":49},"end":{"line":43,"column":57}},"18":{"start":{"line":44,"column":4},"end":{"line":48,"column":5}},"19":{"start":{"line":45,"column":6},"end":{"line":47,"column":9}},"20":{"start":{"line":49,"column":17},"end":{"line":49,"column":49}},"21":{"start":{"line":50,"column":4},"end":{"line":54,"column":5}},"22":{"start":{"line":51,"column":6},"end":{"line":53,"column":9}},"23":{"start":{"line":55,"column":32},"end":{"line":55,"column":58}},"24":{"start":{"line":56,"column":4},"end":{"line":58,"column":5}},"25":{"start":{"line":57,"column":6},"end":{"line":57,"column":42}},"26":{"start":{"line":59,"column":27},"end":{"line":59,"column":57}},"27":{"start":{"line":60,"column":4},"end":{"line":67,"column":7}},"28":{"start":{"line":68,"column":4},"end":{"line":68,"column":38}},"29":{"start":{"line":70,"column":4},"end":{"line":70,"column":19}},"30":{"start":{"line":71,"column":4},"end":{"line":71,"column":35}}},"fnMap":{"0":{"name":"(anonymous_0)","decl":{"start":{"line":7,"column":14},"end":{"line":7,"column":15}},"loc":{"start":{"line":7,"column":34},"end":{"line":39,"column":1}},"line":7},"1":{"name":"(anonymous_1)","decl":{"start":{"line":41,"column":17},"end":{"line":41,"column":18}},"loc":{"start":{"line":41,"column":37},"end":{"line":73,"column":1}},"line":41}},"branchMap":{"0":{"loc":{"start":{"line":10,"column":4},"end":{"line":14,"column":5}},"type":"if","locations":[{"start":{"line":10,"column":4},"end":{"line":14,"column":5}},{"start":{"line":10,"column":4},"end":{"line":14,"column":5}}],"line":10},"1":{"loc":{"start":{"line":10,"column":8},"end":{"line":10,"column":30}},"type":"binary-expr","locations":[{"start":{"line":10,"column":8},"end":{"line":10,"column":17}},{"start":{"line":10,"column":21},"end":{"line":10,"column":30}}],"line":10},"2":{"loc":{"start":{"line":16,"column":4},"end":{"line":20,"column":5}},"type":"if","locations":[{"start":{"line":16,"column":4},"end":{"line":20,"column":5}},{"start":{"line":16,"column":4},"end":{"line":20,"column":5}}],"line":16},"3":{"loc":{"start":{"line":22,"column":4},"end":{"line":26,"column":5}},"type":"if","locations":[{"start":{"line":22,"column":4},"end":{"line":26,"column":5}},{"start":{"line":22,"column":4},"end":{"line":26,"column":5}}],"line":22},"4":{"loc":{"start":{"line":44,"column":4},"end":{"line":48,"column":5}},"type":"if","locations":[{"start":{"line":44,"column":4},"end":{"line":48,"column":5}},{"start":{"line":44,"column":4},"end":{"line":48,"column":5}}],"line":44},"5":{"loc":{"start":{"line":44,"column":8},"end":{"line":44,"column":40}},"type":"binary-expr","locations":[{"start":{"line":44,"column":8},"end":{"line":44,"column":17}},{"start":{"line":44,"column":21},"end":{"line":44,"column":30}},{"start":{"line":44,"column":34},"end":{"line":44,"column":40}}],"line":44},"6":{"loc":{"start":{"line":50,"column":4},"end":{"line":54,"column":5}},"type":"if","locations":[{"start":{"line":50,"column":4},"end":{"line":54,"column":5}},{"start":{"line":50,"column":4},"end":{"line":54,"column":5}}],"line":50},"7":{"loc":{"start":{"line":56,"column":4},"end":{"line":58,"column":5}},"type":"if","locations":[{"start":{"line":56,"column":4},"end":{"line":58,"column":5}},{"start":{"line":56,"column":4},"end":{"line":58,"column":5}}],"line":56}},"s":{"0":1,"1":4,"2":4,"3":4,"4":1,"5":3,"6":3,"7":1,"8":2,"9":2,"10":1,"11":1,"12":1,"13":1,"14":0,"15":1,"16":4,"17":4,"18":4,"19":1,"20":3,"21":3,"22":2,"23":1,"24":1,"25":0,"26":1,"27":1,"28":1,"29":0,"30":0},"f":{"0":4,"1":4},"b":{"0":[1,3],"1":[4,4],"2":[1,2],"3":[1,1],"4":[1,3],"5":[4,4,3],"6":[2,1],"7":[0,1]},"_coverageSchema":"43e27e138ebf9cfc5966b082cf9a028302ed4184","hash":"92dccf0e024c96d35dd540f3b512690dc5bba407"}
,"/Users/dane/Desktop/github/findmypet/controllers/pet.controller.js": {"path":"/Users/dane/Desktop/github/findmypet/controllers/pet.controller.js","statementMap":{"0":{"start":{"line":5,"column":13},"end":{"line":12,"column":1}},"1":{"start":{"line":6,"column":2},"end":{"line":11,"column":3}},"2":{"start":{"line":7,"column":17},"end":{"line":7,"column":69}},"3":{"start":{"line":8,"column":4},"end":{"line":8,"column":42}},"4":{"start":{"line":10,"column":4},"end":{"line":10,"column":35}},"5":{"start":{"line":14,"column":14},"end":{"line":25,"column":1}},"6":{"start":{"line":15,"column":2},"end":{"line":24,"column":3}},"7":{"start":{"line":16,"column":18},"end":{"line":16,"column":31}},"8":{"start":{"line":17,"column":16},"end":{"line":20,"column":5}},"9":{"start":{"line":21,"column":4},"end":{"line":21,"column":41}},"10":{"start":{"line":23,"column":4},"end":{"line":23,"column":35}},"11":{"start":{"line":28,"column":3},"end":{"line":43,"column":3}},"12":{"start":{"line":30,"column":4},"end":{"line":42,"column":5}},"13":{"start":{"line":35,"column":19},"end":{"line":38,"column":7}},"14":{"start":{"line":39,"column":6},"end":{"line":39,"column":44}},"15":{"start":{"line":41,"column":6},"end":{"line":41,"column":37}},"16":{"start":{"line":46,"column":3},"end":{"line":77,"column":3}},"17":{"start":{"line":48,"column":4},"end":{"line":76,"column":5}},"18":{"start":{"line":49,"column":67},"end":{"line":49,"column":75}},"19":{"start":{"line":50,"column":19},"end":{"line":50,"column":60}},"20":{"start":{"line":51,"column":6},"end":{"line":56,"column":7}},"21":{"start":{"line":52,"column":8},"end":{"line":55,"column":11}},"22":{"start":{"line":57,"column":18},"end":{"line":71,"column":8}},"23":{"start":{"line":72,"column":6},"end":{"line":72,"column":74}},"24":{"start":{"line":73,"column":6},"end":{"line":73,"column":43}},"25":{"start":{"line":75,"column":6},"end":{"line":75,"column":37}},"26":{"start":{"line":80,"column":3},"end":{"line":106,"column":3}},"27":{"start":{"line":82,"column":4},"end":{"line":105,"column":5}},"28":{"start":{"line":83,"column":51},"end":{"line":83,"column":59}},"29":{"start":{"line":84,"column":6},"end":{"line":88,"column":8}},"30":{"start":{"line":90,"column":6},"end":{"line":99,"column":8}},"31":{"start":{"line":100,"column":6},"end":{"line":102,"column":9}},"32":{"start":{"line":104,"column":6},"end":{"line":104,"column":37}},"33":{"start":{"line":109,"column":3},"end":{"line":123,"column":3}},"34":{"start":{"line":111,"column":4},"end":{"line":122,"column":5}},"35":{"start":{"line":112,"column":6},"end":{"line":112,"column":60}},"36":{"start":{"line":113,"column":6},"end":{"line":116,"column":8}},"37":{"start":{"line":117,"column":6},"end":{"line":119,"column":9}},"38":{"start":{"line":121,"column":6},"end":{"line":121,"column":37}}},"fnMap":{"0":{"name":"(anonymous_0)","decl":{"start":{"line":5,"column":13},"end":{"line":5,"column":14}},"loc":{"start":{"line":5,"column":33},"end":{"line":12,"column":1}},"line":5},"1":{"name":"(anonymous_1)","decl":{"start":{"line":14,"column":14},"end":{"line":14,"column":15}},"loc":{"start":{"line":14,"column":34},"end":{"line":25,"column":1}},"line":14},"2":{"name":"(anonymous_2)","decl":{"start":{"line":29,"column":2},"end":{"line":29,"column":3}},"loc":{"start":{"line":29,"column":22},"end":{"line":43,"column":3}},"line":29},"3":{"name":"(anonymous_3)","decl":{"start":{"line":47,"column":2},"end":{"line":47,"column":3}},"loc":{"start":{"line":47,"column":22},"end":{"line":77,"column":3}},"line":47},"4":{"name":"(anonymous_4)","decl":{"start":{"line":81,"column":2},"end":{"line":81,"column":3}},"loc":{"start":{"line":81,"column":22},"end":{"line":106,"column":3}},"line":81},"5":{"name":"(anonymous_5)","decl":{"start":{"line":110,"column":2},"end":{"line":110,"column":3}},"loc":{"start":{"line":110,"column":22},"end":{"line":123,"column":3}},"line":110}},"branchMap":{"0":{"loc":{"start":{"line":51,"column":6},"end":{"line":56,"column":7}},"type":"if","locations":[{"start":{"line":51,"column":6},"end":{"line":56,"column":7}},{"start":{"line":51,"column":6},"end":{"line":56,"column":7}}],"line":51}},"s":{"0":1,"1":0,"2":0,"3":0,"4":0,"5":1,"6":0,"7":0,"8":0,"9":0,"10":0,"11":1,"12":0,"13":0,"14":0,"15":0,"16":1,"17":0,"18":0,"19":0,"20":0,"21":0,"22":0,"23":0,"24":0,"25":0,"26":1,"27":0,"28":0,"29":0,"30":0,"31":0,"32":0,"33":1,"34":0,"35":0,"36":0,"37":0,"38":0},"f":{"0":0,"1":0,"2":0,"3":0,"4":0,"5":0},"b":{"0":[0,0]},"_coverageSchema":"43e27e138ebf9cfc5966b082cf9a028302ed4184","hash":"76e7bbb4270a48dfd5d3709989a75ea9e49c1d8d"}
,"/Users/dane/Desktop/github/findmypet/middleware/checkAuth.js": {"path":"/Users/dane/Desktop/github/findmypet/middleware/checkAuth.js","statementMap":{"0":{"start":{"line":4,"column":18},"end":{"line":24,"column":1}},"1":{"start":{"line":5,"column":16},"end":{"line":5,"column":55}},"2":{"start":{"line":6,"column":2},"end":{"line":23,"column":3}},"3":{"start":{"line":7,"column":23},"end":{"line":7,"column":63}},"4":{"start":{"line":8,"column":4},"end":{"line":18,"column":5}},"5":{"start":{"line":9,"column":6},"end":{"line":15,"column":9}},"6":{"start":{"line":10,"column":8},"end":{"line":12,"column":9}},"7":{"start":{"line":11,"column":10},"end":{"line":11,"column":76}},"8":{"start":{"line":13,"column":8},"end":{"line":13,"column":27}},"9":{"start":{"line":14,"column":8},"end":{"line":14,"column":22}},"10":{"start":{"line":17,"column":6},"end":{"line":17,"column":72}},"11":{"start":{"line":20,"column":4},"end":{"line":22,"column":7}}},"fnMap":{"0":{"name":"(anonymous_0)","decl":{"start":{"line":4,"column":18},"end":{"line":4,"column":19}},"loc":{"start":{"line":4,"column":38},"end":{"line":24,"column":1}},"line":4},"1":{"name":"(anonymous_1)","decl":{"start":{"line":9,"column":61},"end":{"line":9,"column":62}},"loc":{"start":{"line":9,"column":79},"end":{"line":15,"column":7}},"line":9}},"branchMap":{"0":{"loc":{"start":{"line":6,"column":2},"end":{"line":23,"column":3}},"type":"if","locations":[{"start":{"line":6,"column":2},"end":{"line":23,"column":3}},{"start":{"line":6,"column":2},"end":{"line":23,"column":3}}],"line":6},"1":{"loc":{"start":{"line":8,"column":4},"end":{"line":18,"column":5}},"type":"if","locations":[{"start":{"line":8,"column":4},"end":{"line":18,"column":5}},{"start":{"line":8,"column":4},"end":{"line":18,"column":5}}],"line":8},"2":{"loc":{"start":{"line":10,"column":8},"end":{"line":12,"column":9}},"type":"if","locations":[{"start":{"line":10,"column":8},"end":{"line":12,"column":9}},{"start":{"line":10,"column":8},"end":{"line":12,"column":9}}],"line":10}},"s":{"0":1,"1":0,"2":0,"3":0,"4":0,"5":0,"6":0,"7":0,"8":0,"9":0,"10":0,"11":0},"f":{"0":0,"1":0},"b":{"0":[0,0],"1":[0,0],"2":[0,0]},"_coverageSchema":"43e27e138ebf9cfc5966b082cf9a028302ed4184","hash":"7f081bbcef6d1876df7ec8b4d17e6c67dfe54267"}
,"/Users/dane/Desktop/github/findmypet/models/Pet.model.js": {"path":"/Users/dane/Desktop/github/findmypet/models/Pet.model.js","statementMap":{"0":{"start":{"line":2,"column":15},"end":{"line":2,"column":30}},"1":{"start":{"line":4,"column":18},"end":{"line":48,"column":1}},"2":{"start":{"line":50,"column":12},"end":{"line":50,"column":44}}},"fnMap":{},"branchMap":{},"s":{"0":1,"1":1,"2":1},"f":{},"b":{},"_coverageSchema":"43e27e138ebf9cfc5966b082cf9a028302ed4184","hash":"10d340cffa8f2c1a8e5cc28b63e18cd1cfd2f9d0"}
,"/Users/dane/Desktop/github/findmypet/models/User.model.js": {"path":"/Users/dane/Desktop/github/findmypet/models/User.model.js","statementMap":{"0":{"start":{"line":3,"column":15},"end":{"line":3,"column":30}},"1":{"start":{"line":5,"column":19},"end":{"line":31,"column":1}},"2":{"start":{"line":33,"column":0},"end":{"line":36,"column":3}},"3":{"start":{"line":34,"column":2},"end":{"line":34,"column":52}},"4":{"start":{"line":35,"column":2},"end":{"line":35,"column":9}},"5":{"start":{"line":38,"column":13},"end":{"line":38,"column":47}}},"fnMap":{"0":{"name":"(anonymous_0)","decl":{"start":{"line":33,"column":23},"end":{"line":33,"column":24}},"loc":{"start":{"line":33,"column":38},"end":{"line":36,"column":1}},"line":33}},"branchMap":{},"s":{"0":1,"1":1,"2":1,"3":2,"4":2,"5":1},"f":{"0":2},"b":{},"_coverageSchema":"43e27e138ebf9cfc5966b082cf9a028302ed4184","hash":"caaaac5dbb7ebd9e8c91967a1f09f6377ef358be"}
,"/Users/dane/Desktop/github/findmypet/routers/authRoutes.js": {"path":"/Users/dane/Desktop/github/findmypet/routers/authRoutes.js","statementMap":{"0":{"start":{"line":3,"column":15},"end":{"line":3,"column":31}},"1":{"start":{"line":5,"column":0},"end":{"line":5,"column":35}},"2":{"start":{"line":6,"column":0},"end":{"line":6,"column":41}}},"fnMap":{},"branchMap":{},"s":{"0":1,"1":1,"2":1},"f":{},"b":{},"_coverageSchema":"43e27e138ebf9cfc5966b082cf9a028302ed4184","hash":"2b5fba02fc80f213b6297a2850cca9477d305a7a"}
,"/Users/dane/Desktop/github/findmypet/routers/petRoutes.js": {"path":"/Users/dane/Desktop/github/findmypet/routers/petRoutes.js","statementMap":{"0":{"start":{"line":10,"column":15},"end":{"line":10,"column":31}},"1":{"start":{"line":12,"column":0},"end":{"line":12,"column":32}},"2":{"start":{"line":13,"column":0},"end":{"line":13,"column":36}},"3":{"start":{"line":14,"column":0},"end":{"line":14,"column":34}},"4":{"start":{"line":15,"column":0},"end":{"line":19,"column":21}}},"fnMap":{},"branchMap":{},"s":{"0":1,"1":1,"2":1,"3":1,"4":1},"f":{},"b":{},"_coverageSchema":"43e27e138ebf9cfc5966b082cf9a028302ed4184","hash":"0ed2b15c2d2f38c008b293d28a7e175db7602d2f"}
,"/Users/dane/Desktop/github/findmypet/utils/utils.js": {"path":"/Users/dane/Desktop/github/findmypet/utils/utils.js","statementMap":{"0":{"start":{"line":4,"column":0},"end":{"line":4,"column":16}},"1":{"start":{"line":6,"column":16},"end":{"line":10,"column":58}},"2":{"start":{"line":7,"column":2},"end":{"line":10,"column":58}},"3":{"start":{"line":13,"column":27},"end":{"line":16,"column":27}},"4":{"start":{"line":14,"column":2},"end":{"line":16,"column":27}},"5":{"start":{"line":18,"column":32},"end":{"line":40,"column":1}},"6":{"start":{"line":19,"column":17},"end":{"line":19,"column":19}},"7":{"start":{"line":20,"column":2},"end":{"line":20,"column":46}},"8":{"start":{"line":21,"column":2},"end":{"line":21,"column":46}},"9":{"start":{"line":22,"column":2},"end":{"line":22,"column":40}},"10":{"start":{"line":23,"column":2},"end":{"line":23,"column":40}},"11":{"start":{"line":24,"column":2},"end":{"line":26,"column":3}},"12":{"start":{"line":25,"column":4},"end":{"line":25,"column":67}},"13":{"start":{"line":27,"column":2},"end":{"line":29,"column":3}},"14":{"start":{"line":28,"column":4},"end":{"line":28,"column":70}},"15":{"start":{"line":30,"column":2},"end":{"line":32,"column":3}},"16":{"start":{"line":31,"column":4},"end":{"line":31,"column":36}},"17":{"start":{"line":33,"column":2},"end":{"line":35,"column":3}},"18":{"start":{"line":34,"column":4},"end":{"line":34,"column":43}},"19":{"start":{"line":36,"column":2},"end":{"line":39,"column":4}}},"fnMap":{"0":{"name":"(anonymous_0)","decl":{"start":{"line":6,"column":16},"end":{"line":6,"column":17}},"loc":{"start":{"line":7,"column":2},"end":{"line":10,"column":58}},"line":7},"1":{"name":"(anonymous_1)","decl":{"start":{"line":13,"column":27},"end":{"line":13,"column":28}},"loc":{"start":{"line":14,"column":2},"end":{"line":16,"column":27}},"line":14},"2":{"name":"(anonymous_2)","decl":{"start":{"line":18,"column":32},"end":{"line":18,"column":33}},"loc":{"start":{"line":18,"column":44},"end":{"line":40,"column":1}},"line":18}},"branchMap":{"0":{"loc":{"start":{"line":7,"column":2},"end":{"line":10,"column":58}},"type":"binary-expr","locations":[{"start":{"line":7,"column":2},"end":{"line":7,"column":21}},{"start":{"line":8,"column":2},"end":{"line":8,"column":16}},{"start":{"line":9,"column":3},"end":{"line":9,"column":28}},{"start":{"line":9,"column":32},"end":{"line":9,"column":63}},{"start":{"line":10,"column":3},"end":{"line":10,"column":28}},{"start":{"line":10,"column":32},"end":{"line":10,"column":57}}],"line":7},"1":{"loc":{"start":{"line":14,"column":2},"end":{"line":16,"column":27}},"type":"cond-expr","locations":[{"start":{"line":15,"column":6},"end":{"line":15,"column":45}},{"start":{"line":16,"column":6},"end":{"line":16,"column":27}}],"line":14},"2":{"loc":{"start":{"line":20,"column":22},"end":{"line":20,"column":45}},"type":"binary-expr","locations":[{"start":{"line":20,"column":22},"end":{"line":20,"column":39}},{"start":{"line":20,"column":43},"end":{"line":20,"column":45}}],"line":20},"3":{"loc":{"start":{"line":21,"column":22},"end":{"line":21,"column":45}},"type":"binary-expr","locations":[{"start":{"line":21,"column":22},"end":{"line":21,"column":39}},{"start":{"line":21,"column":43},"end":{"line":21,"column":45}}],"line":21},"4":{"loc":{"start":{"line":22,"column":19},"end":{"line":22,"column":39}},"type":"binary-expr","locations":[{"start":{"line":22,"column":19},"end":{"line":22,"column":33}},{"start":{"line":22,"column":37},"end":{"line":22,"column":39}}],"line":22},"5":{"loc":{"start":{"line":23,"column":19},"end":{"line":23,"column":39}},"type":"binary-expr","locations":[{"start":{"line":23,"column":19},"end":{"line":23,"column":33}},{"start":{"line":23,"column":37},"end":{"line":23,"column":39}}],"line":23},"6":{"loc":{"start":{"line":24,"column":2},"end":{"line":26,"column":3}},"type":"if","locations":[{"start":{"line":24,"column":2},"end":{"line":26,"column":3}},{"start":{"line":24,"column":2},"end":{"line":26,"column":3}}],"line":24},"7":{"loc":{"start":{"line":27,"column":2},"end":{"line":29,"column":3}},"type":"if","locations":[{"start":{"line":27,"column":2},"end":{"line":29,"column":3}},{"start":{"line":27,"column":2},"end":{"line":29,"column":3}}],"line":27},"8":{"loc":{"start":{"line":30,"column":2},"end":{"line":32,"column":3}},"type":"if","locations":[{"start":{"line":30,"column":2},"end":{"line":32,"column":3}},{"start":{"line":30,"column":2},"end":{"line":32,"column":3}}],"line":30},"9":{"loc":{"start":{"line":33,"column":2},"end":{"line":35,"column":3}},"type":"if","locations":[{"start":{"line":33,"column":2},"end":{"line":35,"column":3}},{"start":{"line":33,"column":2},"end":{"line":35,"column":3}}],"line":33}},"s":{"0":1,"1":1,"2":1,"3":1,"4":0,"5":1,"6":1,"7":1,"8":1,"9":1,"10":1,"11":1,"12":0,"13":1,"14":0,"15":1,"16":0,"17":1,"18":0,"19":1},"f":{"0":1,"1":0,"2":1},"b":{"0":[1,1,1,1,0,0],"1":[0,0],"2":[1,0],"3":[1,0],"4":[1,0],"5":[1,0],"6":[0,1],"7":[0,1],"8":[0,1],"9":[0,1]},"_coverageSchema":"43e27e138ebf9cfc5966b082cf9a028302ed4184","hash":"f906d9b8ef117099574edab6235bb9d9b47de592"}
}
