TN:
SF:/Users/dane/Desktop/github/findmypet/app.js
FN:20,(anonymous_0)
FNF:1
FNH:0
FNDA:0,(anonymous_0)
DA:4,1
DA:8,1
DA:9,1
DA:10,1
DA:16,1
DA:18,1
DA:20,1
DA:21,0
LF:8
LH:7
BRF:0
BRH:0
end_of_record
TN:
SF:/Users/dane/Desktop/github/findmypet/controllers/auth.controller.js
FN:7,(anonymous_0)
FN:41,(anonymous_1)
FNF:2
FNH:2
FNDA:4,(anonymous_0)
FNDA:4,(anonymous_1)
DA:7,1
DA:8,4
DA:9,4
DA:10,4
DA:11,1
DA:15,3
DA:16,3
DA:17,1
DA:21,2
DA:22,2
DA:23,1
DA:27,1
DA:28,1
DA:35,1
DA:37,0
DA:41,1
DA:42,4
DA:43,4
DA:44,4
DA:45,1
DA:49,3
DA:50,3
DA:51,2
DA:55,1
DA:56,1
DA:57,0
DA:59,1
DA:60,1
DA:68,1
DA:70,0
DA:71,0
LF:31
LH:27
BRDA:10,0,0,1
BRDA:10,0,1,3
BRDA:10,1,0,4
BRDA:10,1,1,4
BRDA:16,2,0,1
BRDA:16,2,1,2
BRDA:22,3,0,1
BRDA:22,3,1,1
BRDA:44,4,0,1
BRDA:44,4,1,3
BRDA:44,5,0,4
BRDA:44,5,1,4
BRDA:44,5,2,3
BRDA:50,6,0,2
BRDA:50,6,1,1
BRDA:56,7,0,0
BRDA:56,7,1,1
BRF:17
BRH:16
end_of_record
TN:
SF:/Users/dane/Desktop/github/findmypet/controllers/pet.controller.js
FN:5,(anonymous_0)
FN:14,(anonymous_1)
FN:29,(anonymous_2)
FN:47,(anonymous_3)
FN:81,(anonymous_4)
FN:110,(anonymous_5)
FNF:6
FNH:0
FNDA:0,(anonymous_0)
FNDA:0,(anonymous_1)
FNDA:0,(anonymous_2)
FNDA:0,(anonymous_3)
FNDA:0,(anonymous_4)
FNDA:0,(anonymous_5)
DA:5,1
DA:6,0
DA:7,0
DA:8,0
DA:10,0
DA:14,1
DA:15,0
DA:16,0
DA:17,0
DA:21,0
DA:23,0
DA:28,1
DA:30,0
DA:35,0
DA:39,0
DA:41,0
DA:46,1
DA:48,0
DA:49,0
DA:50,0
DA:51,0
DA:52,0
DA:57,0
DA:72,0
DA:73,0
DA:75,0
DA:80,1
DA:82,0
DA:83,0
DA:84,0
DA:90,0
DA:100,0
DA:104,0
DA:109,1
DA:111,0
DA:112,0
DA:113,0
DA:117,0
DA:121,0
LF:39
LH:6
BRDA:51,0,0,0
BRDA:51,0,1,0
BRF:2
BRH:0
end_of_record
TN:
SF:/Users/dane/Desktop/github/findmypet/middleware/checkAuth.js
FN:4,(anonymous_0)
FN:9,(anonymous_1)
FNF:2
FNH:0
FNDA:0,(anonymous_0)
FNDA:0,(anonymous_1)
DA:4,1
DA:5,0
DA:6,0
DA:7,0
DA:8,0
DA:9,0
DA:10,0
DA:11,0
DA:13,0
DA:14,0
DA:17,0
DA:20,0
LF:12
LH:1
BRDA:6,0,0,0
BRDA:6,0,1,0
BRDA:8,1,0,0
BRDA:8,1,1,0
BRDA:10,2,0,0
BRDA:10,2,1,0
BRF:6
BRH:0
end_of_record
TN:
SF:/Users/dane/Desktop/github/findmypet/models/Pet.model.js
FNF:0
FNH:0
DA:2,1
DA:4,1
DA:50,1
LF:3
LH:3
BRF:0
BRH:0
end_of_record
TN:
SF:/Users/dane/Desktop/github/findmypet/models/User.model.js
FN:33,(anonymous_0)
FNF:1
FNH:1
FNDA:2,(anonymous_0)
DA:3,1
DA:5,1
DA:33,1
DA:34,2
DA:35,2
DA:38,1
LF:6
LH:6
BRF:0
BRH:0
end_of_record
TN:
SF:/Users/dane/Desktop/github/findmypet/routers/authRoutes.js
FNF:0
FNH:0
DA:3,1
DA:5,1
DA:6,1
LF:3
LH:3
BRF:0
BRH:0
end_of_record
TN:
SF:/Users/dane/Desktop/github/findmypet/routers/petRoutes.js
FNF:0
FNH:0
DA:10,1
DA:12,1
DA:13,1
DA:14,1
DA:15,1
LF:5
LH:5
BRF:0
BRH:0
end_of_record
TN:
SF:/Users/dane/Desktop/github/findmypet/utils/utils.js
FN:6,(anonymous_0)
FN:13,(anonymous_1)
FN:18,(anonymous_2)
FNF:3
FNH:2
FNDA:1,(anonymous_0)
FNDA:0,(anonymous_1)
FNDA:1,(anonymous_2)
DA:4,1
DA:6,1
DA:7,1
DA:13,1
DA:14,0
DA:18,1
DA:19,1
DA:20,1
DA:21,1
DA:22,1
DA:23,1
DA:24,1
DA:25,0
DA:27,1
DA:28,0
DA:30,1
DA:31,0
DA:33,1
DA:34,0
DA:36,1
LF:20
LH:15
BRDA:7,0,0,1
BRDA:7,0,1,1
BRDA:7,0,2,1
BRDA:7,0,3,1
BRDA:7,0,4,0
BRDA:7,0,5,0
BRDA:14,1,0,0
BRDA:14,1,1,0
BRDA:20,2,0,1
BRDA:20,2,1,0
BRDA:21,3,0,1
BRDA:21,3,1,0
BRDA:22,4,0,1
BRDA:22,4,1,0
BRDA:23,5,0,1
BRDA:23,5,1,0
BRDA:24,6,0,0
BRDA:24,6,1,1
BRDA:27,7,0,0
BRDA:27,7,1,1
BRDA:30,8,0,0
BRDA:30,8,1,1
BRDA:33,9,0,0
BRDA:33,9,1,1
BRF:24
BRH:12
end_of_record
