TN:
SF:/Users/dane/Desktop/github/findmypet/app.js
FN:20,(anonymous_0)
FNF:1
FNH:0
FNDA:0,(anonymous_0)
DA:4,2
DA:8,2
DA:9,2
DA:10,2
DA:16,2
DA:18,2
DA:20,2
DA:21,0
LF:8
LH:7
BRF:0
BRH:0
end_of_record
TN:
SF:/Users/dane/Desktop/github/findmypet/controllers/auth.controller.js
FN:7,(anonymous_0)
FN:41,(anonymous_1)
FNF:2
FNH:2
FNDA:4,(anonymous_0)
FNDA:4,(anonymous_1)
DA:7,2
DA:8,4
DA:9,4
DA:10,4
DA:11,1
DA:15,3
DA:16,3
DA:17,1
DA:21,2
DA:22,2
DA:23,1
DA:27,1
DA:28,1
DA:35,1
DA:37,0
DA:41,2
DA:42,4
DA:43,4
DA:44,4
DA:45,1
DA:49,3
DA:50,3
DA:51,2
DA:55,1
DA:56,1
DA:57,0
DA:59,1
DA:60,1
DA:68,1
DA:70,0
DA:71,0
LF:31
LH:27
BRDA:10,0,0,1
BRDA:10,0,1,3
BRDA:10,1,0,4
BRDA:10,1,1,4
BRDA:16,2,0,1
BRDA:16,2,1,2
BRDA:22,3,0,1
BRDA:22,3,1,1
BRDA:44,4,0,1
BRDA:44,4,1,3
BRDA:44,5,0,4
BRDA:44,5,1,4
BRDA:44,5,2,3
BRDA:50,6,0,2
BRDA:50,6,1,1
BRDA:56,7,0,0
BRDA:56,7,1,1
BRF:17
BRH:16
end_of_record
TN:
SF:/Users/dane/Desktop/github/findmypet/controllers/pet.controller.js
FN:5,(anonymous_0)
FN:14,(anonymous_1)
FN:29,(anonymous_2)
FN:47,(anonymous_3)
FN:86,(anonymous_4)
FN:115,(anonymous_5)
FNF:6
FNH:1
FNDA:1,(anonymous_0)
FNDA:0,(anonymous_1)
FNDA:0,(anonymous_2)
FNDA:0,(anonymous_3)
FNDA:0,(anonymous_4)
FNDA:0,(anonymous_5)
DA:5,2
DA:6,1
DA:7,1
DA:8,1
DA:10,0
DA:14,2
DA:15,0
DA:16,0
DA:17,0
DA:21,0
DA:23,0
DA:28,2
DA:30,0
DA:35,0
DA:39,0
DA:41,0
DA:46,2
DA:48,0
DA:49,0
DA:50,0
DA:51,0
DA:55,0
DA:56,0
DA:57,0
DA:62,0
DA:77,0
DA:78,0
DA:80,0
DA:85,2
DA:87,0
DA:88,0
DA:89,0
DA:95,0
DA:105,0
DA:109,0
DA:114,2
DA:116,0
DA:117,0
DA:118,0
DA:122,0
DA:126,0
LF:41
LH:9
BRDA:50,0,0,0
BRDA:50,0,1,0
BRDA:50,1,0,0
BRDA:50,1,1,0
BRDA:56,2,0,0
BRDA:56,2,1,0
BRF:6
BRH:0
end_of_record
TN:
SF:/Users/dane/Desktop/github/findmypet/middleware/checkAuth.js
FN:4,(anonymous_0)
FN:9,(anonymous_1)
FNF:2
FNH:0
FNDA:0,(anonymous_0)
FNDA:0,(anonymous_1)
DA:4,2
DA:5,0
DA:6,0
DA:7,0
DA:8,0
DA:9,0
DA:10,0
DA:11,0
DA:13,0
DA:14,0
DA:17,0
DA:20,0
LF:12
LH:1
BRDA:6,0,0,0
BRDA:6,0,1,0
BRDA:8,1,0,0
BRDA:8,1,1,0
BRDA:10,2,0,0
BRDA:10,2,1,0
BRF:6
BRH:0
end_of_record
TN:
SF:/Users/dane/Desktop/github/findmypet/models/Pet.model.js
FNF:0
FNH:0
DA:2,2
DA:4,2
DA:50,2
LF:3
LH:3
BRF:0
BRH:0
end_of_record
TN:
SF:/Users/dane/Desktop/github/findmypet/models/User.model.js
FN:33,(anonymous_0)
FNF:1
FNH:1
FNDA:2,(anonymous_0)
DA:3,2
DA:5,2
DA:33,2
DA:34,2
DA:35,2
DA:38,2
LF:6
LH:6
BRF:0
BRH:0
end_of_record
TN:
SF:/Users/dane/Desktop/github/findmypet/routers/authRoutes.js
FNF:0
FNH:0
DA:3,2
DA:5,2
DA:6,2
LF:3
LH:3
BRF:0
BRH:0
end_of_record
TN:
SF:/Users/dane/Desktop/github/findmypet/routers/petRoutes.js
FNF:0
FNH:0
DA:10,2
DA:12,2
DA:13,2
DA:14,2
DA:15,2
LF:5
LH:5
BRF:0
BRH:0
end_of_record
TN:
SF:/Users/dane/Desktop/github/findmypet/utils/utils.js
FN:6,(anonymous_0)
FN:13,(anonymous_1)
FN:20,(anonymous_2)
FNF:3
FNH:2
FNDA:1,(anonymous_0)
FNDA:0,(anonymous_1)
FNDA:1,(anonymous_2)
DA:4,2
DA:6,2
DA:7,1
DA:13,2
DA:14,0
DA:20,2
DA:21,1
DA:22,1
DA:23,1
DA:24,1
DA:25,1
DA:26,1
DA:27,0
DA:29,1
DA:30,0
DA:32,1
DA:33,0
DA:35,1
DA:36,0
DA:38,1
LF:20
LH:15
BRDA:7,0,0,1
BRDA:7,0,1,1
BRDA:7,0,2,1
BRDA:7,0,3,1
BRDA:7,0,4,0
BRDA:7,0,5,0
BRDA:14,1,0,0
BRDA:14,1,1,0
BRDA:16,2,0,0
BRDA:16,2,1,0
BRDA:22,3,0,1
BRDA:22,3,1,0
BRDA:23,4,0,1
BRDA:23,4,1,0
BRDA:24,5,0,1
BRDA:24,5,1,0
BRDA:25,6,0,1
BRDA:25,6,1,0
BRDA:26,7,0,0
BRDA:26,7,1,1
BRDA:29,8,0,0
BRDA:29,8,1,1
BRDA:32,9,0,0
BRDA:32,9,1,1
BRDA:35,10,0,0
BRDA:35,10,1,1
BRF:26
BRH:12
end_of_record
